Determining if the pthread_create exist failed with the following output:
Change Dir: /home/aespielberg/ResearchCode/OpenFab/cmake-build-debug/CMakeFiles/CMakeTmp

Run Build Command:"/usr/bin/make" "cmTC_461b4/fast"
/usr/bin/make -f CMakeFiles/cmTC_461b4.dir/build.make CMakeFiles/cmTC_461b4.dir/build
make[1]: Entering directory '/home/aespielberg/ResearchCode/OpenFab/cmake-build-debug/CMakeFiles/CMakeTmp'
Building C object CMakeFiles/cmTC_461b4.dir/CheckSymbolExists.c.o
/usr/bin/cc    -o CMakeFiles/cmTC_461b4.dir/CheckSymbolExists.c.o   -c /home/aespielberg/ResearchCode/OpenFab/cmake-build-debug/CMakeFiles/CMakeTmp/CheckSymbolExists.c
Linking C executable cmTC_461b4
/home/aespielberg/Downloads/CLion-2018.2.2/clion-2018.2.2/bin/cmake/linux/bin/cmake -E cmake_link_script CMakeFiles/cmTC_461b4.dir/link.txt --verbose=1
/usr/bin/cc      -rdynamic CMakeFiles/cmTC_461b4.dir/CheckSymbolExists.c.o  -o cmTC_461b4 
CMakeFiles/cmTC_461b4.dir/CheckSymbolExists.c.o: In function `main':
CheckSymbolExists.c:(.text+0x1b): undefined reference to `pthread_create'
collect2: error: ld returned 1 exit status
CMakeFiles/cmTC_461b4.dir/build.make:86: recipe for target 'cmTC_461b4' failed
make[1]: *** [cmTC_461b4] Error 1
make[1]: Leaving directory '/home/aespielberg/ResearchCode/OpenFab/cmake-build-debug/CMakeFiles/CMakeTmp'
Makefile:121: recipe for target 'cmTC_461b4/fast' failed
make: *** [cmTC_461b4/fast] Error 2

File /home/aespielberg/ResearchCode/OpenFab/cmake-build-debug/CMakeFiles/CMakeTmp/CheckSymbolExists.c:
/* */
#include <pthread.h>

int main(int argc, char** argv)
{
  (void)argv;
#ifndef pthread_create
  return ((int*)(&pthread_create))[argc];
#else
  (void)argc;
  return 0;
#endif
}

Determining if the function pthread_create exists in the pthreads failed with the following output:
Change Dir: /home/aespielberg/ResearchCode/OpenFab/cmake-build-debug/CMakeFiles/CMakeTmp

Run Build Command:"/usr/bin/make" "cmTC_ecb9c/fast"
/usr/bin/make -f CMakeFiles/cmTC_ecb9c.dir/build.make CMakeFiles/cmTC_ecb9c.dir/build
make[1]: Entering directory '/home/aespielberg/ResearchCode/OpenFab/cmake-build-debug/CMakeFiles/CMakeTmp'
Building C object CMakeFiles/cmTC_ecb9c.dir/CheckFunctionExists.c.o
/usr/bin/cc   -DCHECK_FUNCTION_EXISTS=pthread_create   -o CMakeFiles/cmTC_ecb9c.dir/CheckFunctionExists.c.o   -c /home/aespielberg/Downloads/CLion-2018.2.2/clion-2018.2.2/bin/cmake/linux/share/cmake-3.12/Modules/CheckFunctionExists.c
Linking C executable cmTC_ecb9c
/home/aespielberg/Downloads/CLion-2018.2.2/clion-2018.2.2/bin/cmake/linux/bin/cmake -E cmake_link_script CMakeFiles/cmTC_ecb9c.dir/link.txt --verbose=1
/usr/bin/cc  -DCHECK_FUNCTION_EXISTS=pthread_create    -rdynamic CMakeFiles/cmTC_ecb9c.dir/CheckFunctionExists.c.o  -o cmTC_ecb9c -lpthreads 
/usr/bin/x86_64-linux-gnu-ld: cannot find -lpthreads
collect2: error: ld returned 1 exit status
CMakeFiles/cmTC_ecb9c.dir/build.make:86: recipe for target 'cmTC_ecb9c' failed
make[1]: *** [cmTC_ecb9c] Error 1
make[1]: Leaving directory '/home/aespielberg/ResearchCode/OpenFab/cmake-build-debug/CMakeFiles/CMakeTmp'
Makefile:121: recipe for target 'cmTC_ecb9c/fast' failed
make: *** [cmTC_ecb9c/fast] Error 2


